0 info it worked if it ends with ok
1 verbose cli [ '/usr/bin/nodejs', '/usr/bin/npm', 'install', 'bodyparser' ]
2 info using npm@2.14.7
3 info using node@v4.2.2
4 verbose install initial load of /home/george/eventReg/package.json
5 warn package.json demoapp@1.0.0 No repository field.
6 verbose installManyTop reading scoped package data from /home/george/eventReg/node_modules/express/package.json
7 verbose readDependencies loading dependencies from /home/george/eventReg/package.json
8 silly cache add args [ 'bodyparser', null ]
9 verbose cache add spec bodyparser
10 silly cache add parsed spec Result {
10 silly cache add   raw: 'bodyparser',
10 silly cache add   scope: null,
10 silly cache add   name: 'bodyparser',
10 silly cache add   rawSpec: '',
10 silly cache add   spec: '*',
10 silly cache add   type: 'range' }
11 silly addNamed bodyparser@*
12 verbose addNamed "*" is a valid semver range for bodyparser
13 silly addNameRange { name: 'bodyparser', range: '*', hasData: false }
14 silly mapToRegistry name bodyparser
15 silly mapToRegistry using default registry
16 silly mapToRegistry registry https://registry.npmjs.org/
17 silly mapToRegistry uri https://registry.npmjs.org/bodyparser
18 verbose addNameRange registry:https://registry.npmjs.org/bodyparser not in flight; fetching
19 verbose request uri https://registry.npmjs.org/bodyparser
20 verbose request no auth needed
21 info attempt registry request try #1 at 00:46:04
22 verbose request id 6c82b5cfbcf337ce
23 http request GET https://registry.npmjs.org/bodyparser
24 http 404 https://registry.npmjs.org/bodyparser
25 verbose headers { 'content-type': 'application/json',
25 verbose headers   'cache-control': 'max-age=0',
25 verbose headers   'content-length': '2',
25 verbose headers   'accept-ranges': 'bytes',
25 verbose headers   date: 'Sun, 08 Nov 2015 06:46:04 GMT',
25 verbose headers   via: '1.1 varnish',
25 verbose headers   age: '0',
25 verbose headers   connection: 'keep-alive',
25 verbose headers   'x-served-by': 'cache-dfw1823-DFW',
25 verbose headers   'x-cache': 'MISS',
25 verbose headers   'x-cache-hits': '0',
25 verbose headers   'x-timer': 'S1446965164.135327,VS0,VE51' }
26 silly get cb [ 404,
26 silly get   { 'content-type': 'application/json',
26 silly get     'cache-control': 'max-age=0',
26 silly get     'content-length': '2',
26 silly get     'accept-ranges': 'bytes',
26 silly get     date: 'Sun, 08 Nov 2015 06:46:04 GMT',
26 silly get     via: '1.1 varnish',
26 silly get     age: '0',
26 silly get     connection: 'keep-alive',
26 silly get     'x-served-by': 'cache-dfw1823-DFW',
26 silly get     'x-cache': 'MISS',
26 silly get     'x-cache-hits': '0',
26 silly get     'x-timer': 'S1446965164.135327,VS0,VE51' } ]
27 verbose stack Error: Registry returned 404 for GET on https://registry.npmjs.org/bodyparser
27 verbose stack     at makeError (/usr/lib/node_modules/npm/node_modules/npm-registry-client/lib/request.js:264:12)
27 verbose stack     at CachingRegistryClient.<anonymous> (/usr/lib/node_modules/npm/node_modules/npm-registry-client/lib/request.js:242:14)
27 verbose stack     at Request._callback (/usr/lib/node_modules/npm/node_modules/npm-registry-client/lib/request.js:172:14)
27 verbose stack     at Request.self.callback (/usr/lib/node_modules/npm/node_modules/request/request.js:198:22)
27 verbose stack     at emitTwo (events.js:87:13)
27 verbose stack     at Request.emit (events.js:172:7)
27 verbose stack     at Request.<anonymous> (/usr/lib/node_modules/npm/node_modules/request/request.js:1063:14)
27 verbose stack     at emitOne (events.js:82:20)
27 verbose stack     at Request.emit (events.js:169:7)
27 verbose stack     at IncomingMessage.<anonymous> (/usr/lib/node_modules/npm/node_modules/request/request.js:1009:12)
28 verbose statusCode 404
29 verbose pkgid bodyparser
30 verbose cwd /home/george/eventReg
31 error Linux 3.19.0-32-generic
32 error argv "/usr/bin/nodejs" "/usr/bin/npm" "install" "bodyparser"
33 error node v4.2.2
34 error npm  v2.14.7
35 error code E404
36 error 404 Registry returned 404 for GET on https://registry.npmjs.org/bodyparser
36 error 404
36 error 404 'bodyparser' is not in the npm registry.
36 error 404 You should bug the author to publish it (or use the name yourself!)
36 error 404 It was specified as a dependency of 'demoapp'
36 error 404
36 error 404 Note that you can also install from a
36 error 404 tarball, folder, http url, or git url.
37 verbose exit [ 1, true ]
